# JRE version: OpenJDK Runtime Environment (16.0.1+9) (build 16.0.1+9-24)
# Java VM: OpenJDK 64-Bit Server VM (16.0.1+9-24, mixed mode, tiered, compressed oops, compressed class ptrs, g1 gc, windows-amd64)
GC Precious Log:
 CPUs: 8 total, 8 available
 Memory: 32441M
 Large Page Support: Disabled
 NUMA Support: Disabled
 Compressed Oops: Enabled (Zero based)
 Heap Region Size: 4M
 Heap Min Capacity: 8M
 Heap Initial Capacity: 508M
 Heap Max Capacity: 8112M
 Pre-touch: Disabled
 Parallel Workers: 8
 Concurrent Workers: 2
 Concurrent Refinement Workers: 8
 Periodic GC: Disabled
Heap:
 garbage-first heap   total 294912K, used 148043K [0x0000000605000000, 0x0000000800000000)
  region size 4096K, 33 young (135168K), 1 survivors (4096K)
 Metaspace       used 57890K, committed 58304K, reserved 1105920K
  class space    used 6704K, committed 6912K, reserved 1048576K
GC Heap History (20 events):
Event: 1.620 GC heap before
{Heap before GC invocations=5 (full 0):
 garbage-first heap   total 65536K, used 37325K [0x0000000605000000, 0x0000000800000000)
  region size 4096K, 8 young (32768K), 2 survivors (8192K)
 Metaspace       used 30392K, committed 30720K, reserved 1081344K
  class space    used 3411K, committed 3584K, reserved 1048576K
}
Event: 1.623 GC heap after
{Heap after GC invocations=6 (full 0):
 garbage-first heap   total 65536K, used 13845K [0x0000000605000000, 0x0000000800000000)
  region size 4096K, 1 young (4096K), 1 survivors (4096K)
 Metaspace       used 30392K, committed 30720K, reserved 1081344K
  class space    used 3411K, committed 3584K, reserved 1048576K
}
Event: 2.032 GC heap before
{Heap before GC invocations=6 (full 0):
 garbage-first heap   total 65536K, used 38421K [0x0000000605000000, 0x0000000800000000)
  region size 4096K, 7 young (28672K), 1 survivors (4096K)
 Metaspace       used 35528K, committed 35840K, reserved 1081344K
  class space    used 4070K, committed 4224K, reserved 1048576K
}
Event: 2.034 GC heap after
{Heap after GC invocations=7 (full 0):
 garbage-first heap   total 65536K, used 16462K [0x0000000605000000, 0x0000000800000000)
  region size 4096K, 1 young (4096K), 1 survivors (4096K)
 Metaspace       used 35528K, committed 35840K, reserved 1081344K
  class space    used 4070K, committed 4224K, reserved 1048576K
}
Event: 2.036 GC heap before
{Heap before GC invocations=7 (full 0):
 garbage-first heap   total 65536K, used 16462K [0x0000000605000000, 0x0000000800000000)
  region size 4096K, 2 young (8192K), 1 survivors (4096K)
 Metaspace       used 35530K, committed 35840K, reserved 1081344K
  class space    used 4070K, committed 4224K, reserved 1048576K
}
Event: 2.038 GC heap after
{Heap after GC invocations=8 (full 0):
 garbage-first heap   total 65536K, used 16901K [0x0000000605000000, 0x0000000800000000)
  region size 4096K, 1 young (4096K), 1 survivors (4096K)
 Metaspace       used 35530K, committed 35840K, reserved 1081344K
  class space    used 4070K, committed 4224K, reserved 1048576K
}
Event: 2.200 GC heap before
{Heap before GC invocations=9 (full 0):
 garbage-first heap   total 65536K, used 33285K [0x0000000605000000, 0x0000000800000000)
  region size 4096K, 6 young (24576K), 1 survivors (4096K)
 Metaspace       used 36710K, committed 37056K, reserved 1089536K
  class space    used 4206K, committed 4352K, reserved 1048576K
}
Event: 2.201 GC heap after
{Heap after GC invocations=10 (full 0):
 garbage-first heap   total 65536K, used 17330K [0x0000000605000000, 0x0000000800000000)
  region size 4096K, 1 young (4096K), 1 survivors (4096K)
 Metaspace       used 36710K, committed 37056K, reserved 1089536K
  class space    used 4206K, committed 4352K, reserved 1048576K
}
Event: 2.516 GC heap before
{Heap before GC invocations=10 (full 0):
 garbage-first heap   total 65536K, used 41906K [0x0000000605000000, 0x0000000800000000)
  region size 4096K, 7 young (28672K), 1 survivors (4096K)
 Metaspace       used 42786K, committed 43136K, reserved 1089536K
  class space    used 4969K, committed 5120K, reserved 1048576K
}
Event: 2.518 GC heap after
{Heap after GC invocations=11 (full 0):
 garbage-first heap   total 65536K, used 19360K [0x0000000605000000, 0x0000000800000000)
  region size 4096K, 1 young (4096K), 1 survivors (4096K)
 Metaspace       used 42786K, committed 43136K, reserved 1089536K
  class space    used 4969K, committed 5120K, reserved 1048576K
}
Event: 2.573 GC heap before
{Heap before GC invocations=11 (full 0):
 garbage-first heap   total 65536K, used 43936K [0x0000000605000000, 0x0000000800000000)
  region size 4096K, 7 young (28672K), 1 survivors (4096K)
 Metaspace       used 43456K, committed 43840K, reserved 1089536K
  class space    used 5032K, committed 5184K, reserved 1048576K
}
Event: 2.575 GC heap after
{Heap after GC invocations=12 (full 0):
 garbage-first heap   total 65536K, used 19794K [0x0000000605000000, 0x0000000800000000)
  region size 4096K, 1 young (4096K), 1 survivors (4096K)
 Metaspace       used 43456K, committed 43840K, reserved 1089536K
  class space    used 5032K, committed 5184K, reserved 1048576K
}
Event: 2.613 GC heap before
{Heap before GC invocations=12 (full 0):
 garbage-first heap   total 65536K, used 44370K [0x0000000605000000, 0x0000000800000000)
  region size 4096K, 7 young (28672K), 1 survivors (4096K)
 Metaspace       used 43588K, committed 43968K, reserved 1089536K
  class space    used 5032K, committed 5184K, reserved 1048576K
}
Event: 2.614 GC heap after
{Heap after GC invocations=13 (full 0):
 garbage-first heap   total 65536K, used 20076K [0x0000000605000000, 0x0000000800000000)
  region size 4096K, 1 young (4096K), 1 survivors (4096K)
 Metaspace       used 43588K, committed 43968K, reserved 1089536K
  class space    used 5032K, committed 5184K, reserved 1048576K
}
Event: 2.650 GC heap before
{Heap before GC invocations=13 (full 0):
 garbage-first heap   total 65536K, used 44652K [0x0000000605000000, 0x0000000800000000)
  region size 4096K, 7 young (28672K), 1 survivors (4096K)
 Metaspace       used 43700K, committed 44032K, reserved 1089536K
  class space    used 5032K, committed 5184K, reserved 1048576K
}
Event: 2.651 GC heap after
{Heap after GC invocations=14 (full 0):
 garbage-first heap   total 65536K, used 20428K [0x0000000605000000, 0x0000000800000000)
  region size 4096K, 1 young (4096K), 1 survivors (4096K)
 Metaspace       used 43700K, committed 44032K, reserved 1089536K
  class space    used 5032K, committed 5184K, reserved 1048576K
}
Event: 2.682 GC heap before
{Heap before GC invocations=14 (full 0):
 garbage-first heap   total 65536K, used 45004K [0x0000000605000000, 0x0000000800000000)
  region size 4096K, 7 young (28672K), 1 survivors (4096K)
 Metaspace       used 43811K, committed 44224K, reserved 1089536K
  class space    used 5033K, committed 5184K, reserved 1048576K
}
Event: 2.682 GC heap after
{Heap after GC invocations=15 (full 0):
 garbage-first heap   total 65536K, used 20691K [0x0000000605000000, 0x0000000800000000)
  region size 4096K, 1 young (4096K), 1 survivors (4096K)
 Metaspace       used 43811K, committed 44224K, reserved 1089536K
  class space    used 5033K, committed 5184K, reserved 1048576K
}
Event: 2.724 GC heap before
{Heap before GC invocations=15 (full 0):
 garbage-first heap   total 65536K, used 49363K [0x0000000605000000, 0x0000000800000000)
  region size 4096K, 8 young (32768K), 1 survivors (4096K)
 Metaspace       used 44055K, committed 44480K, reserved 1089536K
  class space    used 5058K, committed 5248K, reserved 1048576K
}
Event: 2.725 GC heap after
{Heap after GC invocations=16 (full 0):
 garbage-first heap   total 294912K, used 21067K [0x0000000605000000, 0x0000000800000000)
  region size 4096K, 1 young (4096K), 1 survivors (4096K)
 Metaspace       used 44055K, committed 44480K, reserved 1089536K
  class space    used 5058K, committed 5248K, reserved 1048576K
}

